<?xml version="1.0" encoding="UTF-8"?>
<!-- Generated by org.testng.reporters.JUnitReportReporter -->
<testsuite hostname="hp" failures="0" tests="1" name="module1_login_test.KiteLoginTest" time="21.311" errors="0" timestamp="2022-07-21T00:37:02 IST" skipped="0">
  <testcase classname="module1_login_test.KiteLoginTest" name="veriftyUserID" time="21.311"/>
  <system-out/>
</testsuite> <!-- module1_login_test.KiteLoginTest -->
