<?xml version="1.0" encoding="UTF-8"?>
<!-- Generated by org.testng.reporters.JUnitReportReporter -->
<testsuite hostname="hp" failures="0" tests="1" name="use_of_chrome_exe.OpenKit" time="20.553" errors="0" timestamp="2022-07-21T15:16:40 IST" skipped="0">
  <testcase classname="use_of_chrome_exe.OpenKit" name="openKit" time="20.553"/>
  <system-out/>
</testsuite> <!-- use_of_chrome_exe.OpenKit -->
