<?xml version="1.0" encoding="UTF-8"?>
<!-- Generated by org.testng.reporters.JUnitReportReporter -->
<testsuite hostname="hp" failures="0" tests="1" name="module1_login_test.KiteLoginTest" time="30.534" errors="0" timestamp="2022-07-21T15:45:20 IST" skipped="0">
  <testcase classname="module1_login_test.KiteLoginTest" name="veriftyUserID" time="30.534"/>
  <system-out/>
</testsuite> <!-- module1_login_test.KiteLoginTest -->
